Using pre-set license
Built from '2021.1/staging' branch; Version is '2021.1.6f1 (c0fade0cc7e9) revision 12647134'; Using compiler version '192528614'; Build Type 'Release'
OS: 'Windows 10 Pro; OS build 19042.1348; Version 2009; 64bit' Language: 'pt' Physical Memory: 16335 MB
BatchMode: 1, IsHumanControllingUs: 0, StartBugReporterOnCrash: 0, Is64bit: 1, IsPro: 0

 COMMAND LINE ARGUMENTS:
E:\Program Files\Unity\Hub\Editor\2021.1.6f1\Editor\Unity.exe
-adb2
-batchMode
-noUpm
-name
AssetImportWorker0
-projectPath
C:/Users/emman/Desktop/Joguin2D
-logFile
Logs/AssetImportWorker0.log
-srvPort
59609
Successfully changed project path to: C:/Users/emman/Desktop/Joguin2D
C:/Users/emman/Desktop/Joguin2D
Using Asset Import Pipeline V2.
Refreshing native plugins compatible for Editor in 109.66 ms, found 2 plugins.
Preloading 0 native plugins for Editor in 0.00 ms.
Initialize engine version: 2021.1.6f1 (c0fade0cc7e9)
[Subsystems] Discovering subsystems at path E:/Program Files/Unity/Hub/Editor/2021.1.6f1/Editor/Data/Resources/UnitySubsystems
[Subsystems] Discovering subsystems at path C:/Users/emman/Desktop/Joguin2D/Assets
GfxDevice: creating device client; threaded=0; jobified=0
Direct3D:
    Version:  Direct3D 11.0 [level 11.1]
    Renderer: Radeon RX 590 Series (ID=0x67df)
    Vendor:   ATI
    VRAM:     8171 MB
    Driver:   30.0.13017.5006
Initialize mono
Mono path[0] = 'E:/Program Files/Unity/Hub/Editor/2021.1.6f1/Editor/Data/Managed'
Mono path[1] = 'E:/Program Files/Unity/Hub/Editor/2021.1.6f1/Editor/Data/MonoBleedingEdge/lib/mono/unityjit'
Mono config path = 'E:/Program Files/Unity/Hub/Editor/2021.1.6f1/Editor/Data/MonoBleedingEdge/etc'
Using monoOptions --debugger-agent=transport=dt_socket,embedding=1,server=y,suspend=n,address=127.0.0.1:56196
Begin MonoManager ReloadAssembly
Registering precompiled unity dll's ...
Register platform support module: E:/Program Files/Unity/Hub/Editor/2021.1.6f1/Editor/Data/PlaybackEngines/WindowsStandaloneSupport/UnityEditor.WindowsStandalone.Extensions.dll
Registered in 0.001528 seconds.
Native extension for WindowsStandalone target not found
Refreshing native plugins compatible for Editor in 113.24 ms, found 2 plugins.
Preloading 0 native plugins for Editor in 0.00 ms.
Mono: successfully reloaded assembly
- Completed reload, in  1.775 seconds
Platform modules already initialized, skipping
Registering precompiled user dll's ...
Registered in 0.004749 seconds.
Begin MonoManager ReloadAssembly
Native extension for WindowsStandalone target not found
Refreshing native plugins compatible for Editor in 114.23 ms, found 2 plugins.
Preloading 0 native plugins for Editor in 0.00 ms.
Mono: successfully reloaded assembly
- Completed reload, in  1.458 seconds
Platform modules already initialized, skipping
========================================================================
Worker process is ready to serve import requests
Launched and connected shader compiler UnityShaderCompiler.exe after 0.07 seconds
Refreshing native plugins compatible for Editor in 0.72 ms, found 2 plugins.
Preloading 0 native plugins for Editor in 0.00 ms.
Unloading 3378 Unused Serialized files (Serialized files now loaded: 0)
System memory in use before: 128.0 MB.
System memory in use after: 128.1 MB.

Unloading 29 unused Assets to reduce memory usage. Loaded Objects now: 3831.
Total: 3.655400 ms (FindLiveObjects: 0.448500 ms CreateObjectMapping: 0.120000 ms MarkObjects: 2.928400 ms  DeleteObjects: 0.156700 ms)

========================================================================
Received Import Request.
  path: Assets/Pixel Adventure 1/Scenes
  artifactKey: Guid(dbc7f956d9ee8744ba00759404b21d27) Importer(815301076,1909f56bfc062723c751e8b465ee728b)
Start importing Assets/Pixel Adventure 1/Scenes using Guid(dbc7f956d9ee8744ba00759404b21d27) Importer(815301076,1909f56bfc062723c751e8b465ee728b)  -> (artifact id: 'e61223f04169cc6be03e5d5ba40ddb61') in 0.012597 seconds 
========================================================================
Received Import Request.
  Time since last request: 116.423504 seconds.
  path: Assets/Pixel Adventure 1/Assets/Background/Brown.png
  artifactKey: Guid(ca6a66f8e2ae9c24c8c6b39c49206a0d) Importer(815301076,1909f56bfc062723c751e8b465ee728b)
Start importing Assets/Pixel Adventure 1/Assets/Background/Brown.png using Guid(ca6a66f8e2ae9c24c8c6b39c49206a0d) Importer(815301076,1909f56bfc062723c751e8b465ee728b)  -> (artifact id: '1d0d88d174c7b342cacd53e8fe66d26e') in 0.170479 seconds 
========================================================================
Received Import Request.
  Time since last request: 0.000440 seconds.
  path: Assets/Pixel Adventure 1/Assets/Background/Gray.png
  artifactKey: Guid(ffc80c129c9aca14c9fb4dbeba0e10d2) Importer(815301076,1909f56bfc062723c751e8b465ee728b)
Start importing Assets/Pixel Adventure 1/Assets/Background/Gray.png using Guid(ffc80c129c9aca14c9fb4dbeba0e10d2) Importer(815301076,1909f56bfc062723c751e8b465ee728b)  -> (artifact id: '0a1a5c2ce68150991e8e7610e4863be3') in 0.017334 seconds 
========================================================================
Received Import Request.
  Time since last request: 0.000306 seconds.
  path: Assets/Pixel Adventure 1/Assets/Background/Green.png
  artifactKey: Guid(2538710101d0f1f4e8976b3495cd1f75) Importer(815301076,1909f56bfc062723c751e8b465ee728b)
Start importing Assets/Pixel Adventure 1/Assets/Background/Green.png using Guid(2538710101d0f1f4e8976b3495cd1f75) Importer(815301076,1909f56bfc062723c751e8b465ee728b)  -> (artifact id: '4f2a7013cbabc21690701499cb5642cc') in 0.016106 seconds 
========================================================================
Received Import Request.
  Time since last request: 0.000291 seconds.
  path: Assets/Pixel Adventure 1/Assets/Background/Yellow.png
  artifactKey: Guid(4d8c75a4d7dd2a0489270e1058d82128) Importer(815301076,1909f56bfc062723c751e8b465ee728b)
Start importing Assets/Pixel Adventure 1/Assets/Background/Yellow.png using Guid(4d8c75a4d7dd2a0489270e1058d82128) Importer(815301076,1909f56bfc062723c751e8b465ee728b)  -> (artifact id: '0865d7ff5f6f668d61fe61fb62b5c034') in 0.015916 seconds 
========================================================================
Received Import Request.
  Time since last request: 0.000327 seconds.
  path: Assets/Pixel Adventure 1/Assets/Background/Pink.png
  artifactKey: Guid(348c3b734b11d3b4aa5c69e25b7113e6) Importer(815301076,1909f56bfc062723c751e8b465ee728b)
Start importing Assets/Pixel Adventure 1/Assets/Background/Pink.png using Guid(348c3b734b11d3b4aa5c69e25b7113e6) Importer(815301076,1909f56bfc062723c751e8b465ee728b)  -> (artifact id: '2b69e6bdca67fa7f956ab41b68ee0ade') in 0.016552 seconds 
========================================================================
Received Import Request.
  Time since last request: 0.000293 seconds.
  path: Assets/Pixel Adventure 1/Assets/Background/Purple.png
  artifactKey: Guid(248611cc7bb8d85448933cee393ce41e) Importer(815301076,1909f56bfc062723c751e8b465ee728b)
Start importing Assets/Pixel Adventure 1/Assets/Background/Purple.png using Guid(248611cc7bb8d85448933cee393ce41e) Importer(815301076,1909f56bfc062723c751e8b465ee728b)  -> (artifact id: '733259d6375ac8f5d8b717ffc3e40137') in 0.017934 seconds 
========================================================================
Received Import Request.
  Time since last request: 10.497392 seconds.
  path: Assets/Pixel Adventure 1/Assets/Background/Brown.png
  artifactKey: Guid(ca6a66f8e2ae9c24c8c6b39c49206a0d) Importer(815301076,1909f56bfc062723c751e8b465ee728b)
Start importing Assets/Pixel Adventure 1/Assets/Background/Brown.png using Guid(ca6a66f8e2ae9c24c8c6b39c49206a0d) Importer(815301076,1909f56bfc062723c751e8b465ee728b)  -> (artifact id: 'cf8abb9ce39d80bdab3b2faf4abb723e') in 0.010382 seconds 
========================================================================
Received Import Request.
  Time since last request: 33.343976 seconds.
  path: Assets/Pixel Adventure 1/Assets/Background/Brown.png
  artifactKey: Guid(ca6a66f8e2ae9c24c8c6b39c49206a0d) Importer(815301076,1909f56bfc062723c751e8b465ee728b)
Start importing Assets/Pixel Adventure 1/Assets/Background/Brown.png using Guid(ca6a66f8e2ae9c24c8c6b39c49206a0d) Importer(815301076,1909f56bfc062723c751e8b465ee728b)  -> (artifact id: '1d92c828df4fa6fd88ad7b9e254248ac') in 0.046953 seconds 
========================================================================
Received Import Request.
  Time since last request: 20.116066 seconds.
  path: Assets/Pixel Adventure 1/Assets/Background/Tiles/Blue_0.asset
  artifactKey: Guid(56e22e142e694414f8ae214a643b1174) Importer(815301076,1909f56bfc062723c751e8b465ee728b)
Start importing Assets/Pixel Adventure 1/Assets/Background/Tiles/Blue_0.asset using Guid(56e22e142e694414f8ae214a643b1174) Importer(815301076,1909f56bfc062723c751e8b465ee728b)  -> (artifact id: '39c7b08313c7f19835a53915ad209a8b') in 0.019994 seconds 
========================================================================
Received Import Request.
  Time since last request: 0.000303 seconds.
  path: Assets/Pixel Adventure 1/Assets/Background/Tiles/Blue_15.asset
  artifactKey: Guid(ed1737cbf4bdcaf43bf6028cea49072d) Importer(815301076,1909f56bfc062723c751e8b465ee728b)
Start importing Assets/Pixel Adventure 1/Assets/Background/Tiles/Blue_15.asset using Guid(ed1737cbf4bdcaf43bf6028cea49072d) Importer(815301076,1909f56bfc062723c751e8b465ee728b)  -> (artifact id: '1925112e771d0e061adb421e14e88d9d') in 0.006760 seconds 
========================================================================
Received Import Request.
  Time since last request: 0.000308 seconds.
  path: Assets/Pixel Adventure 1/Assets/Background/Tiles/Blue_14.asset
  artifactKey: Guid(9415c0cecc7bccb4a82a0d5ccc71e99c) Importer(815301076,1909f56bfc062723c751e8b465ee728b)
Start importing Assets/Pixel Adventure 1/Assets/Background/Tiles/Blue_14.asset using Guid(9415c0cecc7bccb4a82a0d5ccc71e99c) Importer(815301076,1909f56bfc062723c751e8b465ee728b)  -> (artifact id: '63f70bc2eaa27990df11e695d21071bf') in 0.007395 seconds 
========================================================================
Received Import Request.
  Time since last request: 0.000296 seconds.
  path: Assets/Pixel Adventure 1/Assets/Background/Tiles/Brown_1.asset
  artifactKey: Guid(9ef42d4beaa66634b805d46f9c81c94b) Importer(815301076,1909f56bfc062723c751e8b465ee728b)
Start importing Assets/Pixel Adventure 1/Assets/Background/Tiles/Brown_1.asset using Guid(9ef42d4beaa66634b805d46f9c81c94b) Importer(815301076,1909f56bfc062723c751e8b465ee728b)  -> (artifact id: 'ce3b7e9ed49b08fb8b311c978d258441') in 0.007617 seconds 
========================================================================
Received Import Request.
  Time since last request: 0.000356 seconds.
  path: Assets/Pixel Adventure 1/Assets/Background/Tiles/Brown_9.asset
  artifactKey: Guid(3a501954ce0f5c94ca4132ad9f3dbe8b) Importer(815301076,1909f56bfc062723c751e8b465ee728b)
Start importing Assets/Pixel Adventure 1/Assets/Background/Tiles/Brown_9.asset using Guid(3a501954ce0f5c94ca4132ad9f3dbe8b) Importer(815301076,1909f56bfc062723c751e8b465ee728b)  -> (artifact id: '1d8a768d9a0352ccfd1c4d58d18c000c') in 0.006835 seconds 
========================================================================
Received Import Request.
  Time since last request: 0.000301 seconds.
  path: Assets/Pixel Adventure 1/Assets/Background/Tiles/Brown_15.asset
  artifactKey: Guid(da8472ca9467ff64181b989dee02a538) Importer(815301076,1909f56bfc062723c751e8b465ee728b)
Start importing Assets/Pixel Adventure 1/Assets/Background/Tiles/Brown_15.asset using Guid(da8472ca9467ff64181b989dee02a538) Importer(815301076,1909f56bfc062723c751e8b465ee728b)  -> (artifact id: 'a2b115eac68d94a085d89bcb02b31f05') in 0.006680 seconds 
========================================================================
Received Import Request.
  Time since last request: 0.000307 seconds.
  path: Assets/Pixel Adventure 1/Assets/Background/Tiles/Brown_14.asset
  artifactKey: Guid(6394f55cd30eaba4b9ab2f68665bec80) Importer(815301076,1909f56bfc062723c751e8b465ee728b)
Start importing Assets/Pixel Adventure 1/Assets/Background/Tiles/Brown_14.asset using Guid(6394f55cd30eaba4b9ab2f68665bec80) Importer(815301076,1909f56bfc062723c751e8b465ee728b)  -> (artifact id: '8df78b6e4da72f02c8d95b9de1b17373') in 0.007181 seconds 
========================================================================
Received Import Request.
  Time since last request: 0.000368 seconds.
  path: Assets/Pixel Adventure 1/Assets/Background/Tiles/Blue_6.asset
  artifactKey: Guid(cdd442e4e5bd97a4385164675a823e9e) Importer(815301076,1909f56bfc062723c751e8b465ee728b)
Start importing Assets/Pixel Adventure 1/Assets/Background/Tiles/Blue_6.asset using Guid(cdd442e4e5bd97a4385164675a823e9e) Importer(815301076,1909f56bfc062723c751e8b465ee728b)  -> (artifact id: '98b6274e8810eb73b2a75a44e90312d5') in 0.006817 seconds 
========================================================================
Received Import Request.
  Time since last request: 0.000271 seconds.
  path: Assets/Pixel Adventure 1/Assets/Background/Tiles/Blue_13.asset
  artifactKey: Guid(953fbea811cf3b743b26ae0065efb6e5) Importer(815301076,1909f56bfc062723c751e8b465ee728b)
Start importing Assets/Pixel Adventure 1/Assets/Background/Tiles/Blue_13.asset using Guid(953fbea811cf3b743b26ae0065efb6e5) Importer(815301076,1909f56bfc062723c751e8b465ee728b)  -> (artifact id: '88fd04c3af438576f9d0ae9065cc91e1') in 0.006604 seconds 
========================================================================
Received Import Request.
  Time since last request: 0.000258 seconds.
  path: Assets/Pixel Adventure 1/Assets/Background/Tiles/Blue_3.asset
  artifactKey: Guid(f7e84869dde7942479b87a9852005e40) Importer(815301076,1909f56bfc062723c751e8b465ee728b)
Start importing Assets/Pixel Adventure 1/Assets/Background/Tiles/Blue_3.asset using Guid(f7e84869dde7942479b87a9852005e40) Importer(815301076,1909f56bfc062723c751e8b465ee728b)  -> (artifact id: '8bc982c3c377d3a59fbb6e227a5cf27d') in 0.007229 seconds 
========================================================================
Received Import Request.
  Time since last request: 0.000295 seconds.
  path: Assets/Pixel Adventure 1/Assets/Background/Tiles/Blue_4.asset
  artifactKey: Guid(8199f1e44c0a55d4d943f2ce80e597e4) Importer(815301076,1909f56bfc062723c751e8b465ee728b)
Start importing Assets/Pixel Adventure 1/Assets/Background/Tiles/Blue_4.asset using Guid(8199f1e44c0a55d4d943f2ce80e597e4) Importer(815301076,1909f56bfc062723c751e8b465ee728b)  -> (artifact id: '32925e5ba4cc53d6b61ec09a458d651c') in 0.007457 seconds 
========================================================================
Received Import Request.
  Time since last request: 0.000325 seconds.
  path: Assets/Pixel Adventure 1/Assets/Background/Tiles/Brown_4.asset
  artifactKey: Guid(b7dd2ab933809d944bb7c20979bbd15c) Importer(815301076,1909f56bfc062723c751e8b465ee728b)
Start importing Assets/Pixel Adventure 1/Assets/Background/Tiles/Brown_4.asset using Guid(b7dd2ab933809d944bb7c20979bbd15c) Importer(815301076,1909f56bfc062723c751e8b465ee728b)  -> (artifact id: 'ead85ddaec9d761c9e20798b657a83e3') in 0.007026 seconds 
========================================================================
Received Import Request.
  Time since last request: 0.000296 seconds.
  path: Assets/Pixel Adventure 1/Assets/Background/Tiles/Blue_12.asset
  artifactKey: Guid(40b9c93a28af3d944bb6eecfc01570fe) Importer(815301076,1909f56bfc062723c751e8b465ee728b)
Start importing Assets/Pixel Adventure 1/Assets/Background/Tiles/Blue_12.asset using Guid(40b9c93a28af3d944bb6eecfc01570fe) Importer(815301076,1909f56bfc062723c751e8b465ee728b)  -> (artifact id: '11fc7ad02f0f688220eb078371cb104b') in 0.007344 seconds 
========================================================================
Received Import Request.
  Time since last request: 0.000302 seconds.
  path: Assets/Pixel Adventure 1/Assets/Background/Tiles/Blue_10.asset
  artifactKey: Guid(61ab32ecdc357e34889fca19780a30bb) Importer(815301076,1909f56bfc062723c751e8b465ee728b)
Start importing Assets/Pixel Adventure 1/Assets/Background/Tiles/Blue_10.asset using Guid(61ab32ecdc357e34889fca19780a30bb) Importer(815301076,1909f56bfc062723c751e8b465ee728b)  -> (artifact id: 'db679e89dfb83ea5ecedfeb0a520e822') in 0.007263 seconds 
========================================================================
Received Import Request.
  Time since last request: 0.000315 seconds.
  path: Assets/Pixel Adventure 1/Assets/Background/Tiles/Brown_0.asset
  artifactKey: Guid(e2979e37e2478364fa93889ca9c06cd8) Importer(815301076,1909f56bfc062723c751e8b465ee728b)
Start importing Assets/Pixel Adventure 1/Assets/Background/Tiles/Brown_0.asset using Guid(e2979e37e2478364fa93889ca9c06cd8) Importer(815301076,1909f56bfc062723c751e8b465ee728b)  -> (artifact id: 'd8e425866917250b7ecc1003b795e0fd') in 0.006773 seconds 
========================================================================
Received Import Request.
  Time since last request: 0.000277 seconds.
  path: Assets/Pixel Adventure 1/Assets/Background/Tiles/Brown_10.asset
  artifactKey: Guid(f073aead00168764884458feba222d15) Importer(815301076,1909f56bfc062723c751e8b465ee728b)
Start importing Assets/Pixel Adventure 1/Assets/Background/Tiles/Brown_10.asset using Guid(f073aead00168764884458feba222d15) Importer(815301076,1909f56bfc062723c751e8b465ee728b)  -> (artifact id: '1cf4e216ada13983fef0672b92f28a83') in 0.006980 seconds 
========================================================================
Received Import Request.
  Time since last request: 0.000302 seconds.
  path: Assets/Pixel Adventure 1/Assets/Background/Tiles/Brown_5.asset
  artifactKey: Guid(9814ee014a6c0c14195b4efc0f2dcd41) Importer(815301076,1909f56bfc062723c751e8b465ee728b)
Start importing Assets/Pixel Adventure 1/Assets/Background/Tiles/Brown_5.asset using Guid(9814ee014a6c0c14195b4efc0f2dcd41) Importer(815301076,1909f56bfc062723c751e8b465ee728b)  -> (artifact id: 'e94e27395221b084b2c4d86a6784c312') in 0.007245 seconds 
========================================================================
Received Import Request.
  Time since last request: 0.000305 seconds.
  path: Assets/Pixel Adventure 1/Assets/Background/Tiles/Brown_13.asset
  artifactKey: Guid(34afe60541697a94eb7c7d252de63b1c) Importer(815301076,1909f56bfc062723c751e8b465ee728b)
Start importing Assets/Pixel Adventure 1/Assets/Background/Tiles/Brown_13.asset using Guid(34afe60541697a94eb7c7d252de63b1c) Importer(815301076,1909f56bfc062723c751e8b465ee728b)  -> (artifact id: '0ee76f9118a0887327052858aa84d006') in 0.007128 seconds 
========================================================================
Received Import Request.
  Time since last request: 0.000284 seconds.
  path: Assets/Pixel Adventure 1/Assets/Background/Tiles/Blue_5.asset
  artifactKey: Guid(e1446acd9a2e9fb43a03c15fd3f17315) Importer(815301076,1909f56bfc062723c751e8b465ee728b)
Start importing Assets/Pixel Adventure 1/Assets/Background/Tiles/Blue_5.asset using Guid(e1446acd9a2e9fb43a03c15fd3f17315) Importer(815301076,1909f56bfc062723c751e8b465ee728b)  -> (artifact id: '46bb2a531cecec34fea057862813edbe') in 0.008186 seconds 
========================================================================
Received Import Request.
  Time since last request: 0.000267 seconds.
  path: Assets/Pixel Adventure 1/Assets/Background/Tiles/Blue_9.asset
  artifactKey: Guid(6a8eb0272b1aa704ba6a2ce69b0c30eb) Importer(815301076,1909f56bfc062723c751e8b465ee728b)
Start importing Assets/Pixel Adventure 1/Assets/Background/Tiles/Blue_9.asset using Guid(6a8eb0272b1aa704ba6a2ce69b0c30eb) Importer(815301076,1909f56bfc062723c751e8b465ee728b)  -> (artifact id: '76be9441c0f1f5ffa9e24536c1b69aaf') in 0.006871 seconds 
========================================================================
Received Import Request.
  Time since last request: 0.000316 seconds.
  path: Assets/Pixel Adventure 1/Assets/Background/Tiles/Blue_8.asset
  artifactKey: Guid(2d16e5db3479aaf468230ff5c152c233) Importer(815301076,1909f56bfc062723c751e8b465ee728b)
Start importing Assets/Pixel Adventure 1/Assets/Background/Tiles/Blue_8.asset using Guid(2d16e5db3479aaf468230ff5c152c233) Importer(815301076,1909f56bfc062723c751e8b465ee728b)  -> (artifact id: 'ef894cfbc27874ba721938219b7ab895') in 0.007550 seconds 
========================================================================
Received Import Request.
  Time since last request: 0.000350 seconds.
  path: Assets/Pixel Adventure 1/Assets/Background/Tiles/Blue_2.asset
  artifactKey: Guid(b5f6e81e0354d894e9c5b37b061a6626) Importer(815301076,1909f56bfc062723c751e8b465ee728b)
Start importing Assets/Pixel Adventure 1/Assets/Background/Tiles/Blue_2.asset using Guid(b5f6e81e0354d894e9c5b37b061a6626) Importer(815301076,1909f56bfc062723c751e8b465ee728b)  -> (artifact id: '7060083ec5f587bc65bb0f82fbdfad0c') in 0.006493 seconds 
========================================================================
Received Import Request.
  Time since last request: 0.000276 seconds.
  path: Assets/Pixel Adventure 1/Assets/Background/Tiles/Brown_12.asset
  artifactKey: Guid(8911c3eab6df1cf4ab373282f61f006c) Importer(815301076,1909f56bfc062723c751e8b465ee728b)
Start importing Assets/Pixel Adventure 1/Assets/Background/Tiles/Brown_12.asset using Guid(8911c3eab6df1cf4ab373282f61f006c) Importer(815301076,1909f56bfc062723c751e8b465ee728b)  -> (artifact id: 'b187547d05996f7856bc3c7076914560') in 0.007444 seconds 
========================================================================
Received Import Request.
  Time since last request: 0.000262 seconds.
  path: Assets/Pixel Adventure 1/Assets/Background/Tiles/Brown_3.asset
  artifactKey: Guid(1e4761e54e8699840ace1ce11e2e3ce2) Importer(815301076,1909f56bfc062723c751e8b465ee728b)
Start importing Assets/Pixel Adventure 1/Assets/Background/Tiles/Brown_3.asset using Guid(1e4761e54e8699840ace1ce11e2e3ce2) Importer(815301076,1909f56bfc062723c751e8b465ee728b)  -> (artifact id: '527b4ed0c2a21b3ce5fb4c6b5189a2e2') in 0.006998 seconds 
========================================================================
Received Import Request.
  Time since last request: 0.000299 seconds.
  path: Assets/Pixel Adventure 1/Assets/Background/Tiles/Brown_11.asset
  artifactKey: Guid(3c6f7f6e85fb68c46a6a557480a7004a) Importer(815301076,1909f56bfc062723c751e8b465ee728b)
Start importing Assets/Pixel Adventure 1/Assets/Background/Tiles/Brown_11.asset using Guid(3c6f7f6e85fb68c46a6a557480a7004a) Importer(815301076,1909f56bfc062723c751e8b465ee728b)  -> (artifact id: '32019264c0be9ae447f45af365b2a05f') in 0.006687 seconds 
========================================================================
Received Import Request.
  Time since last request: 0.000292 seconds.
  path: Assets/Pixel Adventure 1/Assets/Background/Tiles/Brown_8.asset
  artifactKey: Guid(ac515da26be55f94e80f827f03d59e82) Importer(815301076,1909f56bfc062723c751e8b465ee728b)
Start importing Assets/Pixel Adventure 1/Assets/Background/Tiles/Brown_8.asset using Guid(ac515da26be55f94e80f827f03d59e82) Importer(815301076,1909f56bfc062723c751e8b465ee728b)  -> (artifact id: '09e75e038dde6b8c669b3664ff77e3ac') in 0.007041 seconds 
========================================================================
Received Import Request.
  Time since last request: 0.000268 seconds.
  path: Assets/Pixel Adventure 1/Assets/Background/Tiles/Blue_11.asset
  artifactKey: Guid(d1cf0c1c48076bc4a956d9753013800f) Importer(815301076,1909f56bfc062723c751e8b465ee728b)
Start importing Assets/Pixel Adventure 1/Assets/Background/Tiles/Blue_11.asset using Guid(d1cf0c1c48076bc4a956d9753013800f) Importer(815301076,1909f56bfc062723c751e8b465ee728b)  -> (artifact id: 'd819a664f4f54b4dd22b0e1b3e150d66') in 0.007244 seconds 
========================================================================
Received Import Request.
  Time since last request: 0.000301 seconds.
  path: Assets/Pixel Adventure 1/Assets/Background/Tiles/Blue_7.asset
  artifactKey: Guid(0b604c9770c6b8146b46844de70eccc9) Importer(815301076,1909f56bfc062723c751e8b465ee728b)
Start importing Assets/Pixel Adventure 1/Assets/Background/Tiles/Blue_7.asset using Guid(0b604c9770c6b8146b46844de70eccc9) Importer(815301076,1909f56bfc062723c751e8b465ee728b)  -> (artifact id: 'a83d301323e85b59691e759c72ef4259') in 0.006484 seconds 
========================================================================
Received Import Request.
  Time since last request: 0.000324 seconds.
  path: Assets/Pixel Adventure 1/Assets/Background/Tiles/Blue_1.asset
  artifactKey: Guid(4a6c643684f7dbd4ca4354ddaef8b7ca) Importer(815301076,1909f56bfc062723c751e8b465ee728b)
Start importing Assets/Pixel Adventure 1/Assets/Background/Tiles/Blue_1.asset using Guid(4a6c643684f7dbd4ca4354ddaef8b7ca) Importer(815301076,1909f56bfc062723c751e8b465ee728b)  -> (artifact id: 'ccc468398d4b8dbb200e2d3788ef85c7') in 0.006674 seconds 
========================================================================
Received Import Request.
  Time since last request: 0.000255 seconds.
  path: Assets/Pixel Adventure 1/Assets/Background/Tiles/Brown_6.asset
  artifactKey: Guid(de962f5e8e4f07d46b004007503b6bf1) Importer(815301076,1909f56bfc062723c751e8b465ee728b)
Start importing Assets/Pixel Adventure 1/Assets/Background/Tiles/Brown_6.asset using Guid(de962f5e8e4f07d46b004007503b6bf1) Importer(815301076,1909f56bfc062723c751e8b465ee728b)  -> (artifact id: '79f46d4c1d34e50d7b4c698e71d4b315') in 0.006651 seconds 
========================================================================
Received Import Request.
  Time since last request: 0.000253 seconds.
  path: Assets/Pixel Adventure 1/Assets/Background/Tiles/Brown_2.asset
  artifactKey: Guid(dbcc324f81ff1184c96e9a70cd382060) Importer(815301076,1909f56bfc062723c751e8b465ee728b)
Start importing Assets/Pixel Adventure 1/Assets/Background/Tiles/Brown_2.asset using Guid(dbcc324f81ff1184c96e9a70cd382060) Importer(815301076,1909f56bfc062723c751e8b465ee728b)  -> (artifact id: 'c9c1d5d4f7303e64a2bfe315a4bd1888') in 0.006751 seconds 
========================================================================
Received Import Request.
  Time since last request: 0.000273 seconds.
  path: Assets/Pixel Adventure 1/Assets/Background/Tiles/Brown_7.asset
  artifactKey: Guid(e268260bd90933d4ea0808ae601425ac) Importer(815301076,1909f56bfc062723c751e8b465ee728b)
Start importing Assets/Pixel Adventure 1/Assets/Background/Tiles/Brown_7.asset using Guid(e268260bd90933d4ea0808ae601425ac) Importer(815301076,1909f56bfc062723c751e8b465ee728b)  -> (artifact id: '7cca958cac7ee30bedb56023d5e7c394') in 0.006806 seconds 
========================================================================
Received Import Request.
  Time since last request: 271.899923 seconds.
  path: Assets/Scripts/Finish.cs
  artifactKey: Guid(2bc7c29c6173dbf44a0a5a97f66ad3be) Importer(815301076,1909f56bfc062723c751e8b465ee728b)
Start importing Assets/Scripts/Finish.cs using Guid(2bc7c29c6173dbf44a0a5a97f66ad3be) Importer(815301076,1909f56bfc062723c751e8b465ee728b)  -> (artifact id: '6be9c3f5a87513d81e74fcbc236ebe27') in 0.010334 seconds 
========================================================================
Received Prepare
Registering precompiled user dll's ...
Registered in 0.005051 seconds.
Begin MonoManager ReloadAssembly
Native extension for WindowsStandalone target not found
Refreshing native plugins compatible for Editor in 1.09 ms, found 2 plugins.
Preloading 0 native plugins for Editor in 0.00 ms.
Mono: successfully reloaded assembly
- Completed reload, in  1.211 seconds
Platform modules already initialized, skipping
Refreshing native plugins compatible for Editor in 0.81 ms, found 2 plugins.
Preloading 0 native plugins for Editor in 0.00 ms.
Unloading 3379 Unused Serialized files (Serialized files now loaded: 0)
System memory in use before: 135.3 MB.
System memory in use after: 135.4 MB.

Unloading 17 unused Assets to reduce memory usage. Loaded Objects now: 3963.
Total: 2.870200 ms (FindLiveObjects: 0.380100 ms CreateObjectMapping: 0.100200 ms MarkObjects: 2.241000 ms  DeleteObjects: 0.147500 ms)

========================================================================
Received Prepare
Registering precompiled user dll's ...
Registered in 0.004555 seconds.
Begin MonoManager ReloadAssembly
Native extension for WindowsStandalone target not found
Refreshing native plugins compatible for Editor in 0.75 ms, found 2 plugins.
Preloading 0 native plugins for Editor in 0.00 ms.
Mono: successfully reloaded assembly
- Completed reload, in  1.252 seconds
Platform modules already initialized, skipping
Refreshing native plugins compatible for Editor in 0.74 ms, found 2 plugins.
Preloading 0 native plugins for Editor in 0.00 ms.
Unloading 3373 Unused Serialized files (Serialized files now loaded: 0)
System memory in use before: 135.1 MB.
System memory in use after: 135.2 MB.

Unloading 17 unused Assets to reduce memory usage. Loaded Objects now: 3967.
Total: 2.984800 ms (FindLiveObjects: 0.353600 ms CreateObjectMapping: 0.098300 ms MarkObjects: 2.417400 ms  DeleteObjects: 0.113800 ms)

========================================================================
Received Prepare
Registering precompiled user dll's ...
Registered in 0.004777 seconds.
Begin MonoManager ReloadAssembly
Native extension for WindowsStandalone target not found
Refreshing native plugins compatible for Editor in 0.77 ms, found 2 plugins.
Preloading 0 native plugins for Editor in 0.00 ms.
Mono: successfully reloaded assembly
- Completed reload, in  1.192 seconds
Platform modules already initialized, skipping
Refreshing native plugins compatible for Editor in 0.82 ms, found 2 plugins.
Preloading 0 native plugins for Editor in 0.00 ms.
Unloading 3373 Unused Serialized files (Serialized files now loaded: 0)
System memory in use before: 135.2 MB.
System memory in use after: 135.3 MB.

Unloading 17 unused Assets to reduce memory usage. Loaded Objects now: 3971.
Total: 3.324500 ms (FindLiveObjects: 0.313200 ms CreateObjectMapping: 0.096700 ms MarkObjects: 2.790300 ms  DeleteObjects: 0.122900 ms)

========================================================================
Received Import Request.
  Time since last request: 313.989949 seconds.
  path: Assets/Animations/Player_Death.anim
  artifactKey: Guid(3ef21652b9a296f40a10d3a86e83d55c) Importer(815301076,1909f56bfc062723c751e8b465ee728b)
Start importing Assets/Animations/Player_Death.anim using Guid(3ef21652b9a296f40a10d3a86e83d55c) Importer(815301076,1909f56bfc062723c751e8b465ee728b)  -> (artifact id: 'ea8aef2aa99a271381870dfb8ce1f187') in 0.017868 seconds 
========================================================================
Received Import Request.
  Time since last request: 2.412001 seconds.
  path: Assets/Animations/Moving_Platform.anim
  artifactKey: Guid(3cfd39498f7d0c04bac681e28ff16a4d) Importer(815301076,1909f56bfc062723c751e8b465ee728b)
Start importing Assets/Animations/Moving_Platform.anim using Guid(3cfd39498f7d0c04bac681e28ff16a4d) Importer(815301076,1909f56bfc062723c751e8b465ee728b)  -> (artifact id: '54721f3fa9936ae69f150c865ea79659') in 0.003867 seconds 
========================================================================
Received Import Request.
  Time since last request: 86.473121 seconds.
  path: Assets/Scenes/Level 2.unity
  artifactKey: Guid(bf404b482342f574b90c8e83f46099d1) Importer(815301076,1909f56bfc062723c751e8b465ee728b)
Start importing Assets/Scenes/Level 2.unity using Guid(bf404b482342f574b90c8e83f46099d1) Importer(815301076,1909f56bfc062723c751e8b465ee728b)  -> (artifact id: 'fa2357f3a4bcd2b54987246ae029fb14') in 0.003469 seconds 
========================================================================
Received Import Request.
  Time since last request: 52.015430 seconds.
  path: Assets/Animations/Finish.anim
  artifactKey: Guid(bf95f1b4412bc1948a6a4e0533893a85) Importer(815301076,1909f56bfc062723c751e8b465ee728b)
Start importing Assets/Animations/Finish.anim using Guid(bf95f1b4412bc1948a6a4e0533893a85) Importer(815301076,1909f56bfc062723c751e8b465ee728b)  -> (artifact id: 'b25afebd2020aeb3f13dd777d4c089c3') in 0.005811 seconds 
========================================================================
Received Import Request.
  Time since last request: 86.662210 seconds.
  path: Assets/Animations/Finish.anim
  artifactKey: Guid(bf95f1b4412bc1948a6a4e0533893a85) Importer(815301076,1909f56bfc062723c751e8b465ee728b)
Start importing Assets/Animations/Finish.anim using Guid(bf95f1b4412bc1948a6a4e0533893a85) Importer(815301076,1909f56bfc062723c751e8b465ee728b)  -> (artifact id: '39b837f1c2f1a90c879ad55263d04846') in 0.011800 seconds 
========================================================================
Received Prepare
Registering precompiled user dll's ...
Registered in 0.004953 seconds.
Begin MonoManager ReloadAssembly
Native extension for WindowsStandalone target not found
Refreshing native plugins compatible for Editor in 0.79 ms, found 2 plugins.
Preloading 0 native plugins for Editor in 0.00 ms.
Mono: successfully reloaded assembly
- Completed reload, in  1.205 seconds
Platform modules already initialized, skipping
Refreshing native plugins compatible for Editor in 0.77 ms, found 2 plugins.
Preloading 0 native plugins for Editor in 0.00 ms.
Unloading 3373 Unused Serialized files (Serialized files now loaded: 0)
System memory in use before: 135.7 MB.
System memory in use after: 135.8 MB.

Unloading 17 unused Assets to reduce memory usage. Loaded Objects now: 3975.
Total: 2.965100 ms (FindLiveObjects: 0.377100 ms CreateObjectMapping: 0.120500 ms MarkObjects: 2.354700 ms  DeleteObjects: 0.111800 ms)

========================================================================
Received Import Request.
  Time since last request: 1214.505316 seconds.
  path: Assets/Scenes/Start Screen.unity
  artifactKey: Guid(191a514926909db42a10c762704412b4) Importer(815301076,1909f56bfc062723c751e8b465ee728b)
Start importing Assets/Scenes/Start Screen.unity using Guid(191a514926909db42a10c762704412b4) Importer(815301076,1909f56bfc062723c751e8b465ee728b)  -> (artifact id: '5a263328549c433b3dc2c75cfebc5c3b') in 0.014781 seconds 
========================================================================
Received Import Request.
  Time since last request: 70.556457 seconds.
  path: Assets/Pixel Adventure 1/Assets/Main Characters/Mask Dude/Wall Jump (32x32).png
  artifactKey: Guid(9b7e8d8d6e9ac904dba7f59ba8b11835) Importer(815301076,1909f56bfc062723c751e8b465ee728b)
Start importing Assets/Pixel Adventure 1/Assets/Main Characters/Mask Dude/Wall Jump (32x32).png using Guid(9b7e8d8d6e9ac904dba7f59ba8b11835) Importer(815301076,1909f56bfc062723c751e8b465ee728b)  -> (artifact id: '724dbec257836908d12b20c969847468') in 0.065784 seconds 
========================================================================
Received Import Request.
  Time since last request: 1.286338 seconds.
  path: Assets/Pixel Adventure 1/Assets/Traps/Spike Head/Top Hit (54x52).png
  artifactKey: Guid(8123182af98fb8147a7d6e6bf458ba4b) Importer(815301076,1909f56bfc062723c751e8b465ee728b)
Start importing Assets/Pixel Adventure 1/Assets/Traps/Spike Head/Top Hit (54x52).png using Guid(8123182af98fb8147a7d6e6bf458ba4b) Importer(815301076,1909f56bfc062723c751e8b465ee728b)  -> (artifact id: 'adb09a58b7c2e8c9313adc80b1b052c4') in 0.023583 seconds 
========================================================================
Received Import Request.
  Time since last request: 0.000303 seconds.
  path: Assets/Pixel Adventure 1/Assets/Traps/Rock Head/Top Hit (42x42).png
  artifactKey: Guid(cbc3de93d8c073148bfa4e9b375fe7f7) Importer(815301076,1909f56bfc062723c751e8b465ee728b)
Start importing Assets/Pixel Adventure 1/Assets/Traps/Rock Head/Top Hit (42x42).png using Guid(cbc3de93d8c073148bfa4e9b375fe7f7) Importer(815301076,1909f56bfc062723c751e8b465ee728b)  -> (artifact id: '805de3b214a6a5b24d77c5a3fad7787b') in 0.022751 seconds 
========================================================================
Received Import Request.
  Time since last request: 0.000280 seconds.
  path: Assets/Pixel Adventure 1/Assets/Other/Transition.png
  artifactKey: Guid(af34cad9a50a94c42b0907fd58d6f99c) Importer(815301076,1909f56bfc062723c751e8b465ee728b)
Start importing Assets/Pixel Adventure 1/Assets/Other/Transition.png using Guid(af34cad9a50a94c42b0907fd58d6f99c) Importer(815301076,1909f56bfc062723c751e8b465ee728b)  -> (artifact id: '2ab5ab5743f443f41aa2ccc09812bf96') in 0.019949 seconds 
========================================================================
Received Import Request.
  Time since last request: 0.037461 seconds.
  path: Assets/Pixel Adventure 1/Assets/Main Characters/Mask Dude/Run (32x32).png
  artifactKey: Guid(97d5ce53f3ac76e4888319c6a53c7ff3) Importer(815301076,1909f56bfc062723c751e8b465ee728b)
Start importing Assets/Pixel Adventure 1/Assets/Main Characters/Mask Dude/Run (32x32).png using Guid(97d5ce53f3ac76e4888319c6a53c7ff3) Importer(815301076,1909f56bfc062723c751e8b465ee728b)  -> (artifact id: '2a827ebb0631effa93f6ef816d6cbf2c') in 0.038116 seconds 
========================================================================
Received Import Request.
  Time since last request: 0.000377 seconds.
  path: Assets/Pixel Adventure 1/Assets/Traps/Blocks/HitTop (22x22).png
  artifactKey: Guid(cf4eb9361d321834693bc5dcefbb5c4f) Importer(815301076,1909f56bfc062723c751e8b465ee728b)
Start importing Assets/Pixel Adventure 1/Assets/Traps/Blocks/HitTop (22x22).png using Guid(cf4eb9361d321834693bc5dcefbb5c4f) Importer(815301076,1909f56bfc062723c751e8b465ee728b)  -> (artifact id: '32ac744a40b96f6beb7dfd3714f80398') in 0.020824 seconds 
========================================================================
Received Import Request.
  Time since last request: 0.000349 seconds.
  path: Assets/Pixel Adventure 1/Assets/Main Characters/Mask Dude/Idle (32x32).png
  artifactKey: Guid(3750f45c844123341b9a777a96cb1eca) Importer(815301076,1909f56bfc062723c751e8b465ee728b)
Start importing Assets/Pixel Adventure 1/Assets/Main Characters/Mask Dude/Idle (32x32).png using Guid(3750f45c844123341b9a777a96cb1eca) Importer(815301076,1909f56bfc062723c751e8b465ee728b)  -> (artifact id: '4db50cfb8589e5605bd42e434181baf7') in 0.035300 seconds 
========================================================================
Received Import Request.
  Time since last request: 0.000305 seconds.
  path: Assets/Pixel Adventure 1/Assets/Traps/Rock Head/Left Hit (42x42).png
  artifactKey: Guid(bb8f35504d0d42343b3cdb04faaa9d15) Importer(815301076,1909f56bfc062723c751e8b465ee728b)
Start importing Assets/Pixel Adventure 1/Assets/Traps/Rock Head/Left Hit (42x42).png using Guid(bb8f35504d0d42343b3cdb04faaa9d15) Importer(815301076,1909f56bfc062723c751e8b465ee728b)  -> (artifact id: 'a4f5a98a13b2c36f56a30e0270448a63') in 0.020746 seconds 
========================================================================
Received Import Request.
  Time since last request: 0.000320 seconds.
  path: Assets/Pixel Adventure 1/Assets/Traps/Trampoline/Jump (28x28).png
  artifactKey: Guid(5f67602c85a27a847aed4d15b8e0339e) Importer(815301076,1909f56bfc062723c751e8b465ee728b)
Start importing Assets/Pixel Adventure 1/Assets/Traps/Trampoline/Jump (28x28).png using Guid(5f67602c85a27a847aed4d15b8e0339e) Importer(815301076,1909f56bfc062723c751e8b465ee728b)  -> (artifact id: 'b92a83f494f1d63aa33d171f12587eea') in 0.028599 seconds 
========================================================================
Received Import Request.
  Time since last request: 0.000326 seconds.
  path: Assets/Pixel Adventure 1/Assets/Traps/Spike Head/Blink (54x52).png
  artifactKey: Guid(6ed38972fd0f4024c91aca33394d3cdd) Importer(815301076,1909f56bfc062723c751e8b465ee728b)
Start importing Assets/Pixel Adventure 1/Assets/Traps/Spike Head/Blink (54x52).png using Guid(6ed38972fd0f4024c91aca33394d3cdd) Importer(815301076,1909f56bfc062723c751e8b465ee728b)  -> (artifact id: 'b7ce983d6a261f9d1047bdfc40029999') in 0.020769 seconds 
========================================================================
Received Import Request.
  Time since last request: 0.000265 seconds.
  path: Assets/Pixel Adventure 1/Assets/Traps/Blocks/HitSide (22x22).png
  artifactKey: Guid(a93caedcaa299f14e978454757f38077) Importer(815301076,1909f56bfc062723c751e8b465ee728b)
Start importing Assets/Pixel Adventure 1/Assets/Traps/Blocks/HitSide (22x22).png using Guid(a93caedcaa299f14e978454757f38077) Importer(815301076,1909f56bfc062723c751e8b465ee728b)  -> (artifact id: 'e910eb0d03526cad6a3d8655cecc6d7a') in 0.017187 seconds 
========================================================================
Received Import Request.
  Time since last request: 0.000329 seconds.
  path: Assets/Pixel Adventure 1/Assets/Items/Boxes/Box2/Break (28x24).png
  artifactKey: Guid(a766483fddea6b64f827838e089d1970) Importer(815301076,1909f56bfc062723c751e8b465ee728b)
Start importing Assets/Pixel Adventure 1/Assets/Items/Boxes/Box2/Break (28x24).png using Guid(a766483fddea6b64f827838e089d1970) Importer(815301076,1909f56bfc062723c751e8b465ee728b)  -> (artifact id: '920deed267fd9d326618d8379e7382e0') in 0.022252 seconds 
========================================================================
Received Import Request.
  Time since last request: 0.000289 seconds.
  path: Assets/Pixel Adventure 1/Assets/Traps/Fan/On (24x8).png
  artifactKey: Guid(7c645aea6faf2564aa5917bd4ca765ea) Importer(815301076,1909f56bfc062723c751e8b465ee728b)
Start importing Assets/Pixel Adventure 1/Assets/Traps/Fan/On (24x8).png using Guid(7c645aea6faf2564aa5917bd4ca765ea) Importer(815301076,1909f56bfc062723c751e8b465ee728b)  -> (artifact id: '5eeeae5b9ec921d320bff43ff6793d74') in 0.020084 seconds 
========================================================================
Received Import Request.
  Time since last request: 0.000323 seconds.
  path: Assets/Pixel Adventure 1/Assets/Traps/Fan/Off.png
  artifactKey: Guid(1f268b33cadc6104287b8111b824e1e8) Importer(815301076,1909f56bfc062723c751e8b465ee728b)
Start importing Assets/Pixel Adventure 1/Assets/Traps/Fan/Off.png using Guid(1f268b33cadc6104287b8111b824e1e8) Importer(815301076,1909f56bfc062723c751e8b465ee728b)  -> (artifact id: 'b5187f3663d15595940896ad78d027fa') in 0.015284 seconds 
========================================================================
Received Import Request.
  Time since last request: 0.000362 seconds.
  path: Assets/Pixel Adventure 1/Assets/Traps/Arrow/Idle (18x18).png
  artifactKey: Guid(f42176bbc0b84b54e83c161abc6eb071) Importer(815301076,1909f56bfc062723c751e8b465ee728b)
Start importing Assets/Pixel Adventure 1/Assets/Traps/Arrow/Idle (18x18).png using Guid(f42176bbc0b84b54e83c161abc6eb071) Importer(815301076,1909f56bfc062723c751e8b465ee728b)  -> (artifact id: '4cb5101c91cb2b2890f02b29c5c35b5c') in 0.033677 seconds 
========================================================================
Received Import Request.
  Time since last request: 0.000315 seconds.
  path: Assets/Pixel Adventure 1/Assets/Items/Boxes/Box1/Break (28x24).png
  artifactKey: Guid(79022f0c1a1c5ce42bcba2ca880ef7fe) Importer(815301076,1909f56bfc062723c751e8b465ee728b)
Start importing Assets/Pixel Adventure 1/Assets/Items/Boxes/Box1/Break (28x24).png using Guid(79022f0c1a1c5ce42bcba2ca880ef7fe) Importer(815301076,1909f56bfc062723c751e8b465ee728b)  -> (artifact id: '911d78aaccc326d8ed8ccff98d4c6c2f') in 0.019972 seconds 
========================================================================
Received Import Request.
  Time since last request: 0.000247 seconds.
  path: Assets/Pixel Adventure 1/Assets/Main Characters/Mask Dude/Hit (32x32).png
  artifactKey: Guid(b234dd527243d1042a19b2cf7ef17cd7) Importer(815301076,1909f56bfc062723c751e8b465ee728b)
Start importing Assets/Pixel Adventure 1/Assets/Main Characters/Mask Dude/Hit (32x32).png using Guid(b234dd527243d1042a19b2cf7ef17cd7) Importer(815301076,1909f56bfc062723c751e8b465ee728b)  -> (artifact id: 'e999b4965ed648fced420265e3f6c3eb') in 0.025409 seconds 
========================================================================
Received Import Request.
  Time since last request: 0.000331 seconds.
  path: Assets/Pixel Adventure 1/Assets/Traps/Falling Platforms/Off.png
  artifactKey: Guid(99329b87c11d1ee4f8d328e269a7073b) Importer(815301076,1909f56bfc062723c751e8b465ee728b)
Start importing Assets/Pixel Adventure 1/Assets/Traps/Falling Platforms/Off.png using Guid(99329b87c11d1ee4f8d328e269a7073b) Importer(815301076,1909f56bfc062723c751e8b465ee728b)  -> (artifact id: '4034629c825fafa7382583823cafb013') in 0.015865 seconds 
========================================================================
Received Import Request.
  Time since last request: 0.000219 seconds.
  path: Assets/Pixel Adventure 1/Assets/Traps/Spike Head/Right Hit (54x52).png
  artifactKey: Guid(75b1a2f7cb6173c4d826963a35f18512) Importer(815301076,1909f56bfc062723c751e8b465ee728b)
Start importing Assets/Pixel Adventure 1/Assets/Traps/Spike Head/Right Hit (54x52).png using Guid(75b1a2f7cb6173c4d826963a35f18512) Importer(815301076,1909f56bfc062723c751e8b465ee728b)  -> (artifact id: 'c0e896d16b7f1d7cc83340bf807056a9') in 0.023183 seconds 
========================================================================
Received Import Request.
  Time since last request: 0.000332 seconds.
  path: Assets/Pixel Adventure 1/Assets/Traps/Rock Head/Right Hit (42x42).png
  artifactKey: Guid(337dc14b4c251b345bc534a6e8df01db) Importer(815301076,1909f56bfc062723c751e8b465ee728b)
Start importing Assets/Pixel Adventure 1/Assets/Traps/Rock Head/Right Hit (42x42).png using Guid(337dc14b4c251b345bc534a6e8df01db) Importer(815301076,1909f56bfc062723c751e8b465ee728b)  -> (artifact id: 'bb420afaa38e57fc551490d8893fd4e8') in 0.019790 seconds 
========================================================================
Received Import Request.
  Time since last request: 0.000303 seconds.
  path: Assets/Pixel Adventure 1/Assets/Traps/Spike Head/Left Hit (54x52).png
  artifactKey: Guid(680c4a3e214ba5b4d984cd56b1d49668) Importer(815301076,1909f56bfc062723c751e8b465ee728b)
Start importing Assets/Pixel Adventure 1/Assets/Traps/Spike Head/Left Hit (54x52).png using Guid(680c4a3e214ba5b4d984cd56b1d49668) Importer(815301076,1909f56bfc062723c751e8b465ee728b)  -> (artifact id: '0ef529783030b0d762fc326377a65c3a') in 0.022144 seconds 
========================================================================
Received Import Request.
  Time since last request: 0.000354 seconds.
  path: Assets/Pixel Adventure 1/Assets/Items/Boxes/Box3/Break (28x24).png
  artifactKey: Guid(32cc0ed12a4ceea46a9c541b632a008f) Importer(815301076,1909f56bfc062723c751e8b465ee728b)
Start importing Assets/Pixel Adventure 1/Assets/Items/Boxes/Box3/Break (28x24).png using Guid(32cc0ed12a4ceea46a9c541b632a008f) Importer(815301076,1909f56bfc062723c751e8b465ee728b)  -> (artifact id: 'da1a4b07ddcc2230fb337fef3ede8c55') in 0.020290 seconds 
========================================================================
Received Import Request.
  Time since last request: 0.000299 seconds.
  path: Assets/Pixel Adventure 1/Assets/Traps/Rock Head/Blink (42x42).png
  artifactKey: Guid(e3e6b3d6c57dc7b488e7d1e8be902988) Importer(815301076,1909f56bfc062723c751e8b465ee728b)
Start importing Assets/Pixel Adventure 1/Assets/Traps/Rock Head/Blink (42x42).png using Guid(e3e6b3d6c57dc7b488e7d1e8be902988) Importer(815301076,1909f56bfc062723c751e8b465ee728b)  -> (artifact id: '0d0a758f3490ab3ef6f873c4e4f59a13') in 0.020723 seconds 
========================================================================
Received Import Request.
  Time since last request: 0.000256 seconds.
  path: Assets/Pixel Adventure 1/Assets/Traps/Fire/On (16x32).png
  artifactKey: Guid(3c112a44cc7dc7a468f4d132c2e7611c) Importer(815301076,1909f56bfc062723c751e8b465ee728b)
Start importing Assets/Pixel Adventure 1/Assets/Traps/Fire/On (16x32).png using Guid(3c112a44cc7dc7a468f4d132c2e7611c) Importer(815301076,1909f56bfc062723c751e8b465ee728b)  -> (artifact id: '13889a8ea72a731cf50e357705dc5891') in 0.021551 seconds 
========================================================================
Received Prepare
Registering precompiled user dll's ...
Registered in 0.004735 seconds.
Begin MonoManager ReloadAssembly
Native extension for WindowsStandalone target not found
Refreshing native plugins compatible for Editor in 1.20 ms, found 2 plugins.
Preloading 0 native plugins for Editor in 0.00 ms.
Mono: successfully reloaded assembly
- Completed reload, in  1.232 seconds
Platform modules already initialized, skipping
Refreshing native plugins compatible for Editor in 0.79 ms, found 2 plugins.
Preloading 0 native plugins for Editor in 0.00 ms.
Unloading 3398 Unused Serialized files (Serialized files now loaded: 0)
System memory in use before: 146.9 MB.
System memory in use after: 147.0 MB.

Unloading 17 unused Assets to reduce memory usage. Loaded Objects now: 4375.
Total: 3.232500 ms (FindLiveObjects: 0.362300 ms CreateObjectMapping: 0.100500 ms MarkObjects: 2.645700 ms  DeleteObjects: 0.122500 ms)

========================================================================
Received Prepare
Registering precompiled user dll's ...
Registered in 0.005247 seconds.
Begin MonoManager ReloadAssembly
Native extension for WindowsStandalone target not found
Refreshing native plugins compatible for Editor in 1.08 ms, found 2 plugins.
Preloading 0 native plugins for Editor in 0.00 ms.
Mono: successfully reloaded assembly
- Completed reload, in  1.239 seconds
Platform modules already initialized, skipping
Refreshing native plugins compatible for Editor in 0.83 ms, found 2 plugins.
Preloading 0 native plugins for Editor in 0.00 ms.
Unloading 3374 Unused Serialized files (Serialized files now loaded: 0)
System memory in use before: 145.9 MB.
System memory in use after: 146.0 MB.

Unloading 17 unused Assets to reduce memory usage. Loaded Objects now: 4379.
Total: 2.948100 ms (FindLiveObjects: 0.371000 ms CreateObjectMapping: 0.115300 ms MarkObjects: 2.350500 ms  DeleteObjects: 0.109700 ms)

========================================================================
Received Prepare
Registering precompiled user dll's ...
Registered in 0.005822 seconds.
Begin MonoManager ReloadAssembly
Native extension for WindowsStandalone target not found
Refreshing native plugins compatible for Editor in 0.83 ms, found 2 plugins.
Preloading 0 native plugins for Editor in 0.00 ms.
Mono: successfully reloaded assembly
- Completed reload, in  1.205 seconds
Platform modules already initialized, skipping
Refreshing native plugins compatible for Editor in 0.76 ms, found 2 plugins.
Preloading 0 native plugins for Editor in 0.00 ms.
Unloading 3374 Unused Serialized files (Serialized files now loaded: 0)
System memory in use before: 145.9 MB.
System memory in use after: 146.0 MB.

Unloading 17 unused Assets to reduce memory usage. Loaded Objects now: 4383.
Total: 4.349900 ms (FindLiveObjects: 0.350500 ms CreateObjectMapping: 0.099600 ms MarkObjects: 3.771300 ms  DeleteObjects: 0.127000 ms)

========================================================================
Received Import Request.
  Time since last request: 325.568278 seconds.
  path: Assets/Scripts/StartMenu.cs
  artifactKey: Guid(5e9ed100a5c535c4ca4cf2acbbc558c3) Importer(815301076,1909f56bfc062723c751e8b465ee728b)
Start importing Assets/Scripts/StartMenu.cs using Guid(5e9ed100a5c535c4ca4cf2acbbc558c3) Importer(815301076,1909f56bfc062723c751e8b465ee728b)  -> (artifact id: '60a697382f381221937fce7d75ec7d2e') in 0.009983 seconds 
========================================================================
Received Prepare
Registering precompiled user dll's ...
Registered in 0.004715 seconds.
Begin MonoManager ReloadAssembly
Native extension for WindowsStandalone target not found
Refreshing native plugins compatible for Editor in 0.74 ms, found 2 plugins.
Preloading 0 native plugins for Editor in 0.00 ms.
Mono: successfully reloaded assembly
- Completed reload, in  1.164 seconds
Platform modules already initialized, skipping
Refreshing native plugins compatible for Editor in 0.80 ms, found 2 plugins.
Preloading 0 native plugins for Editor in 0.00 ms.
Unloading 3374 Unused Serialized files (Serialized files now loaded: 0)
System memory in use before: 146.0 MB.
System memory in use after: 146.0 MB.

Unloading 17 unused Assets to reduce memory usage. Loaded Objects now: 4387.
Total: 3.200300 ms (FindLiveObjects: 0.358700 ms CreateObjectMapping: 0.105400 ms MarkObjects: 2.446900 ms  DeleteObjects: 0.288300 ms)

========================================================================
Received Prepare
Registering precompiled user dll's ...
Registered in 0.004667 seconds.
Begin MonoManager ReloadAssembly
Native extension for WindowsStandalone target not found
Refreshing native plugins compatible for Editor in 0.73 ms, found 2 plugins.
Preloading 0 native plugins for Editor in 0.00 ms.
Mono: successfully reloaded assembly
- Completed reload, in  1.327 seconds
Platform modules already initialized, skipping
Refreshing native plugins compatible for Editor in 1.06 ms, found 2 plugins.
Preloading 0 native plugins for Editor in 0.00 ms.
Unloading 3374 Unused Serialized files (Serialized files now loaded: 0)
System memory in use before: 146.0 MB.
System memory in use after: 146.1 MB.

Unloading 17 unused Assets to reduce memory usage. Loaded Objects now: 4391.
Total: 3.623800 ms (FindLiveObjects: 0.427500 ms CreateObjectMapping: 0.111200 ms MarkObjects: 2.797900 ms  DeleteObjects: 0.285500 ms)

========================================================================
Received Import Request.
  Time since last request: 114.450988 seconds.
  path: Assets/Scenes/Start Screen.unity
  artifactKey: Guid(191a514926909db42a10c762704412b4) Importer(815301076,1909f56bfc062723c751e8b465ee728b)
Start importing Assets/Scenes/Start Screen.unity using Guid(191a514926909db42a10c762704412b4) Importer(815301076,1909f56bfc062723c751e8b465ee728b)  -> (artifact id: '45acecd9ec9115c08be3f055fb272bfb') in 0.014828 seconds 
========================================================================
Received Import Request.
  Time since last request: 5.518750 seconds.
  path: Assets/Scenes/Start Screen 1.unity
  artifactKey: Guid(33e99da2b5c15ee4684975cd167efca9) Importer(815301076,1909f56bfc062723c751e8b465ee728b)
Start importing Assets/Scenes/Start Screen 1.unity using Guid(33e99da2b5c15ee4684975cd167efca9) Importer(815301076,1909f56bfc062723c751e8b465ee728b)  -> (artifact id: '919a6c817679b7bf4c052855a89c4d6b') in 0.004088 seconds 
========================================================================
Received Import Request.
  Time since last request: 14.820218 seconds.
  path: Assets/Scenes/End Screen.unity
  artifactKey: Guid(33e99da2b5c15ee4684975cd167efca9) Importer(815301076,1909f56bfc062723c751e8b465ee728b)
Start importing Assets/Scenes/End Screen.unity using Guid(33e99da2b5c15ee4684975cd167efca9) Importer(815301076,1909f56bfc062723c751e8b465ee728b)  -> (artifact id: '1d21b67806eed707d7ec969ccf808a0a') in 0.003233 seconds 
========================================================================
Received Prepare
Registering precompiled user dll's ...
Registered in 0.005569 seconds.
Begin MonoManager ReloadAssembly
Native extension for WindowsStandalone target not found
Refreshing native plugins compatible for Editor in 0.75 ms, found 2 plugins.
Preloading 0 native plugins for Editor in 0.00 ms.
Mono: successfully reloaded assembly
- Completed reload, in  1.237 seconds
Platform modules already initialized, skipping
Refreshing native plugins compatible for Editor in 1.11 ms, found 2 plugins.
Preloading 0 native plugins for Editor in 0.00 ms.
Unloading 3375 Unused Serialized files (Serialized files now loaded: 0)
System memory in use before: 146.0 MB.
System memory in use after: 146.1 MB.

Unloading 17 unused Assets to reduce memory usage. Loaded Objects now: 4396.
Total: 3.260200 ms (FindLiveObjects: 0.380200 ms CreateObjectMapping: 0.103400 ms MarkObjects: 2.476200 ms  DeleteObjects: 0.299100 ms)

========================================================================
Received Prepare
Registering precompiled user dll's ...
Registered in 0.004933 seconds.
Begin MonoManager ReloadAssembly
Native extension for WindowsStandalone target not found
Refreshing native plugins compatible for Editor in 0.81 ms, found 2 plugins.
Preloading 0 native plugins for Editor in 0.00 ms.
Mono: successfully reloaded assembly
- Completed reload, in  1.241 seconds
Platform modules already initialized, skipping
Refreshing native plugins compatible for Editor in 0.82 ms, found 2 plugins.
Preloading 0 native plugins for Editor in 0.00 ms.
Unloading 3375 Unused Serialized files (Serialized files now loaded: 0)
System memory in use before: 146.0 MB.
System memory in use after: 146.1 MB.

Unloading 17 unused Assets to reduce memory usage. Loaded Objects now: 4400.
Total: 3.341200 ms (FindLiveObjects: 0.394700 ms CreateObjectMapping: 0.097600 ms MarkObjects: 2.712700 ms  DeleteObjects: 0.134300 ms)

========================================================================
Received Prepare
Registering precompiled user dll's ...
Registered in 0.004604 seconds.
Begin MonoManager ReloadAssembly
Native extension for WindowsStandalone target not found
Refreshing native plugins compatible for Editor in 1.06 ms, found 2 plugins.
Preloading 0 native plugins for Editor in 0.00 ms.
Mono: successfully reloaded assembly
- Completed reload, in  1.194 seconds
Platform modules already initialized, skipping
Refreshing native plugins compatible for Editor in 0.75 ms, found 2 plugins.
Preloading 0 native plugins for Editor in 0.00 ms.
Unloading 3375 Unused Serialized files (Serialized files now loaded: 0)
System memory in use before: 146.0 MB.
System memory in use after: 146.1 MB.

Unloading 17 unused Assets to reduce memory usage. Loaded Objects now: 4404.
Total: 3.020800 ms (FindLiveObjects: 0.416000 ms CreateObjectMapping: 0.134500 ms MarkObjects: 2.364900 ms  DeleteObjects: 0.104100 ms)

========================================================================
Received Import Request.
  Time since last request: 202.081489 seconds.
  path: Assets/Scripts/EndMenu.cs
  artifactKey: Guid(17846fe9f5351b54e9dc38547cff2d90) Importer(815301076,1909f56bfc062723c751e8b465ee728b)
Start importing Assets/Scripts/EndMenu.cs using Guid(17846fe9f5351b54e9dc38547cff2d90) Importer(815301076,1909f56bfc062723c751e8b465ee728b)  -> (artifact id: 'e01e52a8c609d3a3289bbef92cd734e6') in 0.008196 seconds 
AssetImportWorkerClient::OnTransportError - code=2 error=End of file
